<?xml version="1.0" encoding="UTF-8"?>
<!-- Generated by org.testng.reporters.JUnitReportReporter -->
<testsuite hostname="DESKTOP-T9LQH1T" failures="0" tests="1" name="testCases.Cart_PageTest" time="5.627" errors="0" timestamp="2024-04-19T16:33:30 IST" skipped="0">
  <testcase classname="testCases.Cart_PageTest" name="verifycheckOutBtn" time="5.627">
    <system-out>
      <![CDATA[URL after click on checkout Button = https://www.saucedemo.com/checkout-step-one.html]]>
    </system-out>
  </testcase> <!-- verifycheckOutBtn -->
  <system-out>
    <![CDATA[URL after click on checkout Button = https://www.saucedemo.com/checkout-step-one.html
Total Product Remove is =1
Step one URL = https://www.saucedemo.com/cart.html]]>
  </system-out>
</testsuite> <!-- testCases.Cart_PageTest -->
