<?xml version="1.0" encoding="UTF-8"?>
<!-- Generated by org.testng.reporters.JUnitReportReporter -->
<testsuite hostname="DESKTOP-T9LQH1T" failures="0" tests="2" name="testCases.Inventory_Page_Test" time="8.486" errors="0" timestamp="2024-04-19T16:33:30 IST" skipped="0">
  <testcase classname="testCases.Inventory_Page_Test" name="remove6ProductTest" time="4.611">
    <system-out>
      <![CDATA[Total Product Remove is =1]]>
    </system-out>
  </testcase> <!-- remove6ProductTest -->
  <testcase classname="testCases.Inventory_Page_Test" name="verifycartIconTest" time="3.875">
    <system-out>
      <![CDATA[Step one URL = https://www.saucedemo.com/cart.html]]>
    </system-out>
  </testcase> <!-- verifycartIconTest -->
  <system-out>
    <![CDATA[URL after click on checkout Button = https://www.saucedemo.com/checkout-step-one.html
Total Product Remove is =1
Step one URL = https://www.saucedemo.com/cart.html]]>
  </system-out>
</testsuite> <!-- testCases.Inventory_Page_Test -->
